<?xml version="1.0" encoding="UTF-8"?>
<testng-results ignored="0" total="1" passed="1" failed="0" skipped="0">
  <reporter-output>
  </reporter-output>
  <suite started-at="2023-08-22T15:58:29 UTC" name="Default suite" finished-at="2023-08-22T15:58:37 UTC" duration-ms="8811">
    <groups>
    </groups>
    <test started-at="2023-08-22T15:58:29 UTC" name="Default test" finished-at="2023-08-22T15:58:37 UTC" duration-ms="8811">
      <class name="com.akn.MovieChallengeYassir.DetailsMovie">
        <test-method is-config="true" signature="configureAppium()[pri:0, instance:com.akn.MovieChallengeYassir.DetailsMovie@7ef82753]" started-at="2023-08-22T15:58:29 UTC" name="configureAppium" finished-at="2023-08-22T15:58:35 UTC" duration-ms="6359" status="PASS">
          <reporter-output>
          </reporter-output>
        </test-method> <!-- configureAppium -->
        <test-method signature="mainToDetailsmovie()[pri:0, instance:com.akn.MovieChallengeYassir.DetailsMovie@7ef82753]" started-at="2023-08-22T15:58:35 UTC" name="mainToDetailsmovie" finished-at="2023-08-22T15:58:37 UTC" duration-ms="2212" status="PASS">
          <reporter-output>
          </reporter-output>
        </test-method> <!-- mainToDetailsmovie -->
        <test-method is-config="true" signature="tearDown()[pri:0, instance:com.akn.MovieChallengeYassir.DetailsMovie@7ef82753]" started-at="2023-08-22T15:58:37 UTC" name="tearDown" finished-at="2023-08-22T15:58:37 UTC" duration-ms="202" status="PASS">
          <reporter-output>
          </reporter-output>
        </test-method> <!-- tearDown -->
      </class> <!-- com.akn.MovieChallengeYassir.DetailsMovie -->
    </test> <!-- Default test -->
  </suite> <!-- Default suite -->
</testng-results>
